<?xml version="1.0" encoding="UTF-8"?>
<!-- Generated by org.testng.reporters.JUnitReportReporter -->
<testsuite hostname="DESKTOP-LVNNG7C" failures="0" tests="1" name="com.qa.tn_part_one_Register_Test.RegisterTest" time="9.224" errors="0" timestamp="2024-01-11T21:53:17 EST" skipped="0">
  <testcase classname="com.qa.tn_part_one_Register_Test.RegisterTest" name="verifyingRegisterWithAllFields" time="9.224"/>
</testsuite> <!-- com.qa.tn_part_one_Register_Test.RegisterTest -->
